<html>
<head>
<title>TestNG:  Regression</title>
<link href="../testng.css" rel="stylesheet" type="text/css" />
<link href="../my-testng.css" rel="stylesheet" type="text/css" />

<style type="text/css">
.log { display: none;} 
.stack-trace { display: none;} 
</style>
<script type="text/javascript">
<!--
function flip(e) {
  current = e.style.display;
  if (current == 'block') {
    e.style.display = 'none';
    return 0;
  }
  else {
    e.style.display = 'block';
    return 1;
  }
}

function toggleBox(szDivId, elem, msg1, msg2)
{
  var res = -1;  if (document.getElementById) {
    res = flip(document.getElementById(szDivId));
  }
  else if (document.all) {
    // this is the way old msie versions work
    res = flip(document.all[szDivId]);
  }
  if(elem) {
    if(res == 0) elem.innerHTML = msg1; else elem.innerHTML = msg2;
  }

}

function toggleAllBoxes() {
  if (document.getElementsByTagName) {
    d = document.getElementsByTagName('div');
    for (i = 0; i < d.length; i++) {
      if (d[i].className == 'log') {
        flip(d[i]);
      }
    }
  }
}

// -->
</script>

</head>
<body>
<h2 align='center'>Regression</h2><table border='1' align="center">
<tr>
<td>Tests passed/Failed/Skipped:</td><td>0/2/0</td>
</tr><tr>
<td>Started on:</td><td>Fri Jan 19 17:56:01 IST 2018</td>
</tr>
<tr><td>Total time:</td><td>110 seconds (110702 ms)</td>
</tr><tr>
<td>Included groups:</td><td></td>
</tr><tr>
<td>Excluded groups:</td><td></td>
</tr>
</table><p/>
<small><i>(Hover the method name to see the test class name)</i></small><p/>
<table width='100%' border='1' class='invocation-failed'>
<tr><td colspan='4' align='center'><b>FAILED TESTS</b></td></tr>
<tr><td><b>Test method</b></td>
<td width="30%"><b>Exception</b></td>
<td width="10%"><b>Time (seconds)</b></td>
<td><b>Instance</b></td>
</tr>
<tr>
<td title='com.arbohub.testcases.CricketAndCelebrationsTest.testAnniversaryScreen()'><b>testAnniversaryScreen</b><br>Test class: com.arbohub.testcases.CricketAndCelebrationsTest<br>Test method: To verify Celebrations card and celebrations screen elements under anniversary tab<br>Parameters: GILBKNPFZLQS899L</td>
<td><div><pre>java.lang.NullPointerException
	at com.arbohub.library.GenericLibrary.toReadExcelData(GenericLibrary.java:108)
	at com.arbohub.library.HtmlReportListener.onTestStart(HtmlReportListener.java:33)
... Removed 21 stack frames</pre></div><a href='#' onClick='toggleBox("stack-trace163385254", this, "Click to show all stack frames", "Click to hide stack frames")'>Click to show all stack frames</a>
<div class='stack-trace' id='stack-trace163385254'><pre>java.lang.NullPointerException
	at com.arbohub.library.GenericLibrary.toReadExcelData(GenericLibrary.java:108)
	at com.arbohub.library.HtmlReportListener.onTestStart(HtmlReportListener.java:33)
	at org.testng.internal.Invoker.runTestListeners(Invoker.java:1700)
	at org.testng.internal.Invoker.runTestListeners(Invoker.java:1675)
	at org.testng.internal.Invoker.invokeMethod(Invoker.java:619)
	at org.testng.internal.Invoker.invokeTestMethod(Invoker.java:820)
	at org.testng.internal.Invoker.invokeTestMethods(Invoker.java:1128)
	at org.testng.internal.TestMethodWorker.invokeTestMethods(TestMethodWorker.java:129)
	at org.testng.internal.TestMethodWorker.run(TestMethodWorker.java:112)
	at org.testng.TestRunner.privateRun(TestRunner.java:782)
	at org.testng.TestRunner.run(TestRunner.java:632)
	at org.testng.SuiteRunner.runTest(SuiteRunner.java:366)
	at org.testng.SuiteRunner.runSequentially(SuiteRunner.java:361)
	at org.testng.SuiteRunner.privateRun(SuiteRunner.java:319)
	at org.testng.SuiteRunner.run(SuiteRunner.java:268)
	at org.testng.SuiteRunnerWorker.runSuite(SuiteRunnerWorker.java:52)
	at org.testng.SuiteRunnerWorker.run(SuiteRunnerWorker.java:86)
	at org.testng.TestNG.runSuitesSequentially(TestNG.java:1244)
	at org.testng.TestNG.runSuitesLocally(TestNG.java:1169)
	at org.testng.TestNG.run(TestNG.java:1064)
	at org.testng.remote.RemoteTestNG.run(RemoteTestNG.java:113)
	at org.testng.remote.RemoteTestNG.initAndRun(RemoteTestNG.java:206)
	at org.testng.remote.RemoteTestNG.main(RemoteTestNG.java:177)
</pre></div></td>
<td>0</td>
<td>com.arbohub.testcases.CricketAndCelebrationsTest@56f4468b</td></tr>
<tr>
<td title='com.arbohub.testcases.CricketAndCelebrationsTest.testAnniversaryScreen()'><b>testAnniversaryScreen</b><br>Test class: com.arbohub.testcases.CricketAndCelebrationsTest<br>Test method: To verify Celebrations card and celebrations screen elements under anniversary tab</td>
<td><div><pre>java.lang.NullPointerException
	at com.kirwa.nxgreport.NXGReports.takeBrowserPageScreenShot(NXGReports.java:228)
	at com.kirwa.nxgreport.NXGReports.addStep(NXGReports.java:78)
	at com.arbohub.library.MyNXGTestListner.onTestFailure(MyNXGTestListner.java:71)
... Removed 21 stack frames</pre></div><a href='#' onClick='toggleBox("stack-trace480184864", this, "Click to show all stack frames", "Click to hide stack frames")'>Click to show all stack frames</a>
<div class='stack-trace' id='stack-trace480184864'><pre>java.lang.NullPointerException
	at com.kirwa.nxgreport.NXGReports.takeBrowserPageScreenShot(NXGReports.java:228)
	at com.kirwa.nxgreport.NXGReports.addStep(NXGReports.java:78)
	at com.arbohub.library.MyNXGTestListner.onTestFailure(MyNXGTestListner.java:71)
	at org.testng.internal.Invoker.runTestListeners(Invoker.java:1691)
	at org.testng.internal.Invoker.runTestListeners(Invoker.java:1675)
	at org.testng.internal.Invoker.invokeMethod(Invoker.java:700)
	at org.testng.internal.Invoker.invokeTestMethod(Invoker.java:820)
	at org.testng.internal.Invoker.invokeTestMethods(Invoker.java:1128)
	at org.testng.internal.TestMethodWorker.invokeTestMethods(TestMethodWorker.java:129)
	at org.testng.internal.TestMethodWorker.run(TestMethodWorker.java:112)
	at org.testng.TestRunner.privateRun(TestRunner.java:782)
	at org.testng.TestRunner.run(TestRunner.java:632)
	at org.testng.SuiteRunner.runTest(SuiteRunner.java:366)
	at org.testng.SuiteRunner.runSequentially(SuiteRunner.java:361)
	at org.testng.SuiteRunner.privateRun(SuiteRunner.java:319)
	at org.testng.SuiteRunner.run(SuiteRunner.java:268)
	at org.testng.SuiteRunnerWorker.runSuite(SuiteRunnerWorker.java:52)
	at org.testng.SuiteRunnerWorker.run(SuiteRunnerWorker.java:86)
	at org.testng.TestNG.runSuitesSequentially(TestNG.java:1244)
	at org.testng.TestNG.runSuitesLocally(TestNG.java:1169)
	at org.testng.TestNG.run(TestNG.java:1064)
	at org.testng.remote.RemoteTestNG.run(RemoteTestNG.java:113)
	at org.testng.remote.RemoteTestNG.initAndRun(RemoteTestNG.java:206)
	at org.testng.remote.RemoteTestNG.main(RemoteTestNG.java:177)
</pre></div></td>
<td>36</td>
<td>com.arbohub.testcases.CricketAndCelebrationsTest@56f4468b</td></tr>
<tr>
<td title='com.arbohub.testcases.CricketAndCelebrationsTest.testBirthdayScreen()'><b>testBirthdayScreen</b><br>Test class: com.arbohub.testcases.CricketAndCelebrationsTest<br>Test method: To verify Celebrations card and celebrations screen elements under birthdays tab<br>Parameters: GILBKNPFZLQS899L<br/>
<a href="#Output-1648582256" onClick='toggleBox("Output-1648582256", this, "Show output", "Hide output");'>Show output</a>

<a href="#Output-1648582256" onClick="toggleAllBoxes();">Show all outputs</a>
<div class='log' id="Output-1648582256">
STEP1<br/>
</div>
</td>
<td><div><pre>org.openqa.selenium.WebDriverException: An unknown server-side error occurred while processing the command. Original error: Error occured while starting App. Original error: &apos;ContactShortcut&apos; never started (WARNING: The server did not provide any stacktrace information)
Command duration or timeout: 30.66 seconds
Build info: version: &apos;3.0.1&apos;, revision: &apos;1969d75&apos;, time: &apos;2016-10-18 09:49:13 -0700&apos;
System info: host: &apos;Yashi&apos;, ip: &apos;10.10.14.217&apos;, os.name: &apos;Windows 8.1&apos;, os.arch: &apos;amd64&apos;, os.version: &apos;6.3&apos;, java.version: &apos;1.8.0_20-ea&apos;
Driver info: io.appium.java_client.android.AndroidDriver
Capabilities [{app=F:\ArboHub_Workspace\arbohub\arbohub.apk, appPackage=com.panasonic.arbohub, deviceScreenSize=720x1280, networkConnectionEnabled=true, noReset=true, warnings={}, appWaitPackage=com.panasonic.arbohub, appWaitActivity=com.panasonic.arbohub.SplashActivity, newCommandTimeOut=5, databaseEnabled=false, deviceName=T4SWCABYFM5LTCKZ, platform=LINUX, deviceUDID=T4SWCABYFM5LTCKZ, appActivity=com.panasonic.arbohub.SplashActivity, desired={app=F:\ArboHub_Workspace\arbohub\arbohub.apk, noReset=true, platformVersion=7.0, automationName=Appium, newCommandTimeOut=5, platformName=Android, deviceName=T4SWCABYFM5LTCKZ}, platformVersion=7.0, webStorageEnabled=false, locationContextEnabled=false, automationName=Appium, takesScreenshot=true, javascriptEnabled=true, deviceModel=ELUGA_I2_Activ, platformName=Android, deviceManufacturer=PANASONIC}]
Session ID: 2740f8cf-1780-4921-a531-c97ad3954898
	at org.openqa.selenium.remote.ErrorHandler.createThrowable(ErrorHandler.java:216)
	at org.openqa.selenium.remote.ErrorHandler.throwIfResponseFailed(ErrorHandler.java:168)
	at org.openqa.selenium.remote.RemoteWebDriver.execute(RemoteWebDriver.java:635)
	at io.appium.java_client.DefaultGenericMobileDriver.execute(DefaultGenericMobileDriver.java:40)
	at io.appium.java_client.AppiumDriver.execute(AppiumDriver.java:1)
	at io.appium.java_client.android.AndroidDriver.execute(AndroidDriver.java:1)
	at io.appium.java_client.CommandExecutionHelper.execute(CommandExecutionHelper.java:32)
	at io.appium.java_client.android.AndroidDriver.startActivity(AndroidDriver.java:266)
	at io.appium.java_client.android.AndroidDriver.startActivity(AndroidDriver.java:291)
	at com.arbohub.pages.HomePage.switchToContactsApp(HomePage.java:187)
	at com.arbohub.pages.CricketCelebrationsPage.addContact(CricketCelebrationsPage.java:350)
	at com.arbohub.testcases.CricketAndCelebrationsTest.testBirthdayScreen(CricketAndCelebrationsTest.java:103)
... Removed 28 stack frames</pre></div><a href='#' onClick='toggleBox("stack-trace1648582256", this, "Click to show all stack frames", "Click to hide stack frames")'>Click to show all stack frames</a>
<div class='stack-trace' id='stack-trace1648582256'><pre>org.openqa.selenium.WebDriverException: An unknown server-side error occurred while processing the command. Original error: Error occured while starting App. Original error: &apos;ContactShortcut&apos; never started (WARNING: The server did not provide any stacktrace information)
Command duration or timeout: 30.66 seconds
Build info: version: &apos;3.0.1&apos;, revision: &apos;1969d75&apos;, time: &apos;2016-10-18 09:49:13 -0700&apos;
System info: host: &apos;Yashi&apos;, ip: &apos;10.10.14.217&apos;, os.name: &apos;Windows 8.1&apos;, os.arch: &apos;amd64&apos;, os.version: &apos;6.3&apos;, java.version: &apos;1.8.0_20-ea&apos;
Driver info: io.appium.java_client.android.AndroidDriver
Capabilities [{app=F:\ArboHub_Workspace\arbohub\arbohub.apk, appPackage=com.panasonic.arbohub, deviceScreenSize=720x1280, networkConnectionEnabled=true, noReset=true, warnings={}, appWaitPackage=com.panasonic.arbohub, appWaitActivity=com.panasonic.arbohub.SplashActivity, newCommandTimeOut=5, databaseEnabled=false, deviceName=T4SWCABYFM5LTCKZ, platform=LINUX, deviceUDID=T4SWCABYFM5LTCKZ, appActivity=com.panasonic.arbohub.SplashActivity, desired={app=F:\ArboHub_Workspace\arbohub\arbohub.apk, noReset=true, platformVersion=7.0, automationName=Appium, newCommandTimeOut=5, platformName=Android, deviceName=T4SWCABYFM5LTCKZ}, platformVersion=7.0, webStorageEnabled=false, locationContextEnabled=false, automationName=Appium, takesScreenshot=true, javascriptEnabled=true, deviceModel=ELUGA_I2_Activ, platformName=Android, deviceManufacturer=PANASONIC}]
Session ID: 2740f8cf-1780-4921-a531-c97ad3954898
	at sun.reflect.NativeConstructorAccessorImpl.newInstance0(Native Method)
	at sun.reflect.NativeConstructorAccessorImpl.newInstance(NativeConstructorAccessorImpl.java:62)
	at sun.reflect.DelegatingConstructorAccessorImpl.newInstance(DelegatingConstructorAccessorImpl.java:45)
	at java.lang.reflect.Constructor.newInstance(Constructor.java:408)
	at org.openqa.selenium.remote.ErrorHandler.createThrowable(ErrorHandler.java:216)
	at org.openqa.selenium.remote.ErrorHandler.throwIfResponseFailed(ErrorHandler.java:168)
	at org.openqa.selenium.remote.RemoteWebDriver.execute(RemoteWebDriver.java:635)
	at io.appium.java_client.DefaultGenericMobileDriver.execute(DefaultGenericMobileDriver.java:40)
	at io.appium.java_client.AppiumDriver.execute(AppiumDriver.java:1)
	at io.appium.java_client.android.AndroidDriver.execute(AndroidDriver.java:1)
	at io.appium.java_client.CommandExecutionHelper.execute(CommandExecutionHelper.java:32)
	at io.appium.java_client.android.AndroidDriver.startActivity(AndroidDriver.java:266)
	at io.appium.java_client.android.AndroidDriver.startActivity(AndroidDriver.java:291)
	at com.arbohub.pages.HomePage.switchToContactsApp(HomePage.java:187)
	at com.arbohub.pages.CricketCelebrationsPage.addContact(CricketCelebrationsPage.java:350)
	at com.arbohub.testcases.CricketAndCelebrationsTest.testBirthdayScreen(CricketAndCelebrationsTest.java:103)
	at sun.reflect.NativeMethodAccessorImpl.invoke0(Native Method)
	at sun.reflect.NativeMethodAccessorImpl.invoke(NativeMethodAccessorImpl.java:62)
	at sun.reflect.DelegatingMethodAccessorImpl.invoke(DelegatingMethodAccessorImpl.java:43)
	at java.lang.reflect.Method.invoke(Method.java:483)
	at org.testng.internal.MethodInvocationHelper.invokeMethod(MethodInvocationHelper.java:86)
	at org.testng.internal.Invoker.invokeMethod(Invoker.java:643)
	at org.testng.internal.Invoker.invokeTestMethod(Invoker.java:820)
	at org.testng.internal.Invoker.invokeTestMethods(Invoker.java:1128)
	at org.testng.internal.TestMethodWorker.invokeTestMethods(TestMethodWorker.java:129)
	at org.testng.internal.TestMethodWorker.run(TestMethodWorker.java:112)
	at org.testng.TestRunner.privateRun(TestRunner.java:782)
	at org.testng.TestRunner.run(TestRunner.java:632)
	at org.testng.SuiteRunner.runTest(SuiteRunner.java:366)
	at org.testng.SuiteRunner.runSequentially(SuiteRunner.java:361)
	at org.testng.SuiteRunner.privateRun(SuiteRunner.java:319)
	at org.testng.SuiteRunner.run(SuiteRunner.java:268)
	at org.testng.SuiteRunnerWorker.runSuite(SuiteRunnerWorker.java:52)
	at org.testng.SuiteRunnerWorker.run(SuiteRunnerWorker.java:86)
	at org.testng.TestNG.runSuitesSequentially(TestNG.java:1244)
	at org.testng.TestNG.runSuitesLocally(TestNG.java:1169)
	at org.testng.TestNG.run(TestNG.java:1064)
	at org.testng.remote.RemoteTestNG.run(RemoteTestNG.java:113)
	at org.testng.remote.RemoteTestNG.initAndRun(RemoteTestNG.java:206)
	at org.testng.remote.RemoteTestNG.main(RemoteTestNG.java:177)
</pre></div></td>
<td>32</td>
<td>com.arbohub.testcases.CricketAndCelebrationsTest@56f4468b</td></tr>
</table><p>
</body>
</html>