<?xml version="1.0" encoding="UTF-8"?>
<testng-results skipped="0" failed="4" total="9" passed="5">
  <reporter-output>
    <line>
      <![CDATA[STEP1]]>
    </line>
    <line>
      <![CDATA[STEP2]]>
    </line>
    <line>
      <![CDATA[STEP3]]>
    </line>
    <line>
      <![CDATA[STEP4]]>
    </line>
    <line>
      <![CDATA[STEP5]]>
    </line>
    <line>
      <![CDATA[STEP6]]>
    </line>
    <line>
      <![CDATA[STEP7]]>
    </line>
    <line>
      <![CDATA[STEP8]]>
    </line>
    <line>
      <![CDATA[STEP9]]>
    </line>
    <line>
      <![CDATA[STEP10]]>
    </line>
    <line>
      <![CDATA[STEP11]]>
    </line>
    <line>
      <![CDATA[STEP12]]>
    </line>
    <line>
      <![CDATA[STEP13]]>
    </line>
    <line>
      <![CDATA[STEP14]]>
    </line>
    <line>
      <![CDATA[STEP15]]>
    </line>
    <line>
      <![CDATA[STEP16]]>
    </line>
    <line>
      <![CDATA[STEP17]]>
    </line>
    <line>
      <![CDATA[STEP18]]>
    </line>
    <line>
      <![CDATA[STEP19]]>
    </line>
    <line>
      <![CDATA[STEP20]]>
    </line>
    <line>
      <![CDATA[STEP21]]>
    </line>
    <line>
      <![CDATA[STEP22]]>
    </line>
    <line>
      <![CDATA[STEP23]]>
    </line>
    <line>
      <![CDATA[STEP24]]>
    </line>
    <line>
      <![CDATA[STEP25]]>
    </line>
    <line>
      <![CDATA[STEP26]]>
    </line>
    <line>
      <![CDATA[STEP27]]>
    </line>
    <line>
      <![CDATA[STEP28]]>
    </line>
    <line>
      <![CDATA[STEP29]]>
    </line>
    <line>
      <![CDATA[STEP30]]>
    </line>
    <line>
      <![CDATA[STEP31]]>
    </line>
    <line>
      <![CDATA[STEP32]]>
    </line>
    <line>
      <![CDATA[STEP33]]>
    </line>
    <line>
      <![CDATA[STEP34]]>
    </line>
    <line>
      <![CDATA[STEP35]]>
    </line>
    <line>
      <![CDATA[STEP36]]>
    </line>
    <line>
      <![CDATA[STEP37]]>
    </line>
    <line>
      <![CDATA[STEP38]]>
    </line>
    <line>
      <![CDATA[STEP39]]>
    </line>
    <line>
      <![CDATA[STEP40]]>
    </line>
    <line>
      <![CDATA[STEP41]]>
    </line>
    <line>
      <![CDATA[STEP42]]>
    </line>
    <line>
      <![CDATA[STEP43]]>
    </line>
    <line>
      <![CDATA[STEP44]]>
    </line>
    <line>
      <![CDATA[STEP45]]>
    </line>
    <line>
      <![CDATA[STEP46]]>
    </line>
    <line>
      <![CDATA[STEP47]]>
    </line>
    <line>
      <![CDATA[STEP48]]>
    </line>
    <line>
      <![CDATA[STEP49]]>
    </line>
    <line>
      <![CDATA[STEP50]]>
    </line>
    <line>
      <![CDATA[STEP51]]>
    </line>
    <line>
      <![CDATA[STEP52]]>
    </line>
    <line>
      <![CDATA[STEP53]]>
    </line>
    <line>
      <![CDATA[STEP54]]>
    </line>
  </reporter-output>
  <suite name="Suite" duration-ms="363290" started-at="2018-01-19T09:26:55Z" finished-at="2018-01-19T09:32:59Z">
    <groups>
    </groups>
    <test name="Regression" duration-ms="363290" started-at="2018-01-19T09:26:55Z" finished-at="2018-01-19T09:32:59Z">
      <class name="com.arbohub.testcases.PermissionsTest">
        <test-method status="PASS" signature="launchApp()[pri:0, instance:com.arbohub.testcases.PermissionsTest@36d4b5c]" name="launchApp" is-config="true" duration-ms="39900" started-at="2018-01-19T14:56:56Z" finished-at="2018-01-19T14:57:36Z">
          <reporter-output>
          </reporter-output>
        </test-method> <!-- launchApp -->
        <test-method status="PASS" signature="inititialize()[pri:0, instance:com.arbohub.testcases.PermissionsTest@36d4b5c]" name="inititialize" is-config="true" duration-ms="63" started-at="2018-01-19T14:57:36Z" finished-at="2018-01-19T14:57:36Z">
          <reporter-output>
          </reporter-output>
        </test-method> <!-- inititialize -->
        <test-method status="PASS" signature="testDenyPermissionPopUps(java.lang.String)[pri:1, instance:com.arbohub.testcases.PermissionsTest@36d4b5c]" name="testDenyPermissionPopUps" duration-ms="5261" started-at="2018-01-19T14:57:36Z" description="To verify Deny button in Permission Popups" finished-at="2018-01-19T14:57:41Z">
          <params>
            <param index="0">
              <value>
                <![CDATA[GILBKNPFZLQS899L]]>
              </value>
            </param>
          </params>
          <reporter-output>
            <line>
              <![CDATA[STEP1]]>
            </line>
            <line>
              <![CDATA[STEP2]]>
            </line>
            <line>
              <![CDATA[STEP3]]>
            </line>
            <line>
              <![CDATA[STEP4]]>
            </line>
            <line>
              <![CDATA[STEP5]]>
            </line>
            <line>
              <![CDATA[STEP6]]>
            </line>
            <line>
              <![CDATA[STEP7]]>
            </line>
            <line>
              <![CDATA[STEP8]]>
            </line>
            <line>
              <![CDATA[STEP9]]>
            </line>
            <line>
              <![CDATA[STEP10]]>
            </line>
          </reporter-output>
        </test-method> <!-- testDenyPermissionPopUps -->
        <test-method status="PASS" signature="inititialize()[pri:0, instance:com.arbohub.testcases.PermissionsTest@36d4b5c]" name="inititialize" is-config="true" duration-ms="6" started-at="2018-01-19T14:57:41Z" finished-at="2018-01-19T14:57:41Z">
          <reporter-output>
          </reporter-output>
        </test-method> <!-- inititialize -->
        <test-method status="PASS" signature="testAllowPermissionPopUps(java.lang.String)[pri:2, instance:com.arbohub.testcases.PermissionsTest@36d4b5c]" name="testAllowPermissionPopUps" duration-ms="6159" started-at="2018-01-19T14:57:41Z" description="To verify Permission Popups" finished-at="2018-01-19T14:57:47Z">
          <params>
            <param index="0">
              <value>
                <![CDATA[GILBKNPFZLQS899L]]>
              </value>
            </param>
          </params>
          <reporter-output>
            <line>
              <![CDATA[STEP11]]>
            </line>
            <line>
              <![CDATA[STEP12]]>
            </line>
            <line>
              <![CDATA[STEP13]]>
            </line>
            <line>
              <![CDATA[STEP14]]>
            </line>
            <line>
              <![CDATA[STEP15]]>
            </line>
            <line>
              <![CDATA[STEP16]]>
            </line>
            <line>
              <![CDATA[STEP17]]>
            </line>
            <line>
              <![CDATA[STEP18]]>
            </line>
            <line>
              <![CDATA[STEP19]]>
            </line>
          </reporter-output>
        </test-method> <!-- testAllowPermissionPopUps -->
        <test-method status="PASS" signature="tearDown()[pri:0, instance:com.arbohub.testcases.PermissionsTest@36d4b5c]" name="tearDown" is-config="true" duration-ms="1408" started-at="2018-01-19T15:02:57Z" finished-at="2018-01-19T15:02:59Z">
          <reporter-output>
          </reporter-output>
        </test-method> <!-- tearDown -->
      </class> <!-- com.arbohub.testcases.PermissionsTest -->
      <class name="com.arbohub.testcases.LoginTest">
        <test-method status="PASS" signature="inititialize()[pri:0, instance:com.arbohub.testcases.LoginTest@51efea79]" name="inititialize" is-config="true" duration-ms="15" started-at="2018-01-19T14:58:06Z" finished-at="2018-01-19T14:58:06Z">
          <reporter-output>
          </reporter-output>
        </test-method> <!-- inititialize -->
        <test-method status="FAIL" signature="testLoginScreen(java.lang.String)[pri:1, instance:com.arbohub.testcases.LoginTest@51efea79]" name="testLoginScreen" duration-ms="89620" started-at="2018-01-19T14:58:06Z" description="To verify Login screen senarios" finished-at="2018-01-19T14:59:35Z">
          <params>
            <param index="0">
              <value>
                <![CDATA[GILBKNPFZLQS899L]]>
              </value>
            </param>
          </params>
          <exception class="org.openqa.selenium.NoSuchElementException">
            <message>
              <![CDATA[An element could not be located on the page using the given search parameters. (WARNING: The server did not provide any stacktrace information)
Command duration or timeout: 58.03 seconds
For documentation on this error, please visit: http://seleniumhq.org/exceptions/no_such_element.html
Build info: version: '3.0.1', revision: '1969d75', time: '2016-10-18 09:49:13 -0700'
System info: host: 'Yashi', ip: '10.10.14.217', os.name: 'Windows 8.1', os.arch: 'amd64', os.version: '6.3', java.version: '1.8.0_20-ea'
Driver info: io.appium.java_client.android.AndroidDriver
Capabilities [{app=F:\ArboHub_Workspace\arbohub\arbohub.apk, appPackage=com.panasonic.arbohub, deviceScreenSize=720x1280, networkConnectionEnabled=true, noReset=false, warnings={}, appWaitPackage=com.panasonic.arbohub, appWaitActivity=com.panasonic.arbohub.SplashActivity, newCommandTimeOut=5, databaseEnabled=false, deviceName=T4SWCABYFM5LTCKZ, platform=LINUX, deviceUDID=T4SWCABYFM5LTCKZ, appActivity=com.panasonic.arbohub.SplashActivity, desired={app=F:\ArboHub_Workspace\arbohub\arbohub.apk, noReset=false, platformVersion=7.0, automationName=Appium, newCommandTimeOut=5, platformName=Android, deviceName=T4SWCABYFM5LTCKZ}, platformVersion=7.0, webStorageEnabled=false, locationContextEnabled=false, automationName=Appium, takesScreenshot=true, javascriptEnabled=true, deviceModel=ELUGA_I2_Activ, platformName=Android, deviceManufacturer=PANASONIC}]
Session ID: cbdd2b9f-020f-4b69-b477-27c5f394f0f3
*** Element info: {Using=xpath, value=//*[@text='Phone Number']}]]>
            </message>
            <full-stacktrace>
              <![CDATA[org.openqa.selenium.NoSuchElementException: An element could not be located on the page using the given search parameters. (WARNING: The server did not provide any stacktrace information)
Command duration or timeout: 58.03 seconds
For documentation on this error, please visit: http://seleniumhq.org/exceptions/no_such_element.html
Build info: version: '3.0.1', revision: '1969d75', time: '2016-10-18 09:49:13 -0700'
System info: host: 'Yashi', ip: '10.10.14.217', os.name: 'Windows 8.1', os.arch: 'amd64', os.version: '6.3', java.version: '1.8.0_20-ea'
Driver info: io.appium.java_client.android.AndroidDriver
Capabilities [{app=F:\ArboHub_Workspace\arbohub\arbohub.apk, appPackage=com.panasonic.arbohub, deviceScreenSize=720x1280, networkConnectionEnabled=true, noReset=false, warnings={}, appWaitPackage=com.panasonic.arbohub, appWaitActivity=com.panasonic.arbohub.SplashActivity, newCommandTimeOut=5, databaseEnabled=false, deviceName=T4SWCABYFM5LTCKZ, platform=LINUX, deviceUDID=T4SWCABYFM5LTCKZ, appActivity=com.panasonic.arbohub.SplashActivity, desired={app=F:\ArboHub_Workspace\arbohub\arbohub.apk, noReset=false, platformVersion=7.0, automationName=Appium, newCommandTimeOut=5, platformName=Android, deviceName=T4SWCABYFM5LTCKZ}, platformVersion=7.0, webStorageEnabled=false, locationContextEnabled=false, automationName=Appium, takesScreenshot=true, javascriptEnabled=true, deviceModel=ELUGA_I2_Activ, platformName=Android, deviceManufacturer=PANASONIC}]
Session ID: cbdd2b9f-020f-4b69-b477-27c5f394f0f3
*** Element info: {Using=xpath, value=//*[@text='Phone Number']}
	at sun.reflect.NativeConstructorAccessorImpl.newInstance0(Native Method)
	at sun.reflect.NativeConstructorAccessorImpl.newInstance(NativeConstructorAccessorImpl.java:62)
	at sun.reflect.DelegatingConstructorAccessorImpl.newInstance(DelegatingConstructorAccessorImpl.java:45)
	at java.lang.reflect.Constructor.newInstance(Constructor.java:408)
	at org.openqa.selenium.remote.ErrorHandler.createThrowable(ErrorHandler.java:216)
	at org.openqa.selenium.remote.ErrorHandler.throwIfResponseFailed(ErrorHandler.java:168)
	at org.openqa.selenium.remote.RemoteWebDriver.execute(RemoteWebDriver.java:635)
	at io.appium.java_client.DefaultGenericMobileDriver.execute(DefaultGenericMobileDriver.java:40)
	at io.appium.java_client.AppiumDriver.execute(AppiumDriver.java:1)
	at io.appium.java_client.android.AndroidDriver.execute(AndroidDriver.java:1)
	at org.openqa.selenium.remote.RemoteWebDriver.findElement(RemoteWebDriver.java:368)
	at io.appium.java_client.DefaultGenericMobileDriver.findElement(DefaultGenericMobileDriver.java:56)
	at io.appium.java_client.AppiumDriver.findElement(AppiumDriver.java:1)
	at io.appium.java_client.android.AndroidDriver.findElement(AndroidDriver.java:1)
	at org.openqa.selenium.remote.RemoteWebDriver.findElementByXPath(RemoteWebDriver.java:473)
	at io.appium.java_client.DefaultGenericMobileDriver.findElementByXPath(DefaultGenericMobileDriver.java:134)
	at io.appium.java_client.AppiumDriver.findElementByXPath(AppiumDriver.java:1)
	at io.appium.java_client.android.AndroidDriver.findElementByXPath(AndroidDriver.java:1)
	at org.openqa.selenium.By$ByXPath.findElement(By.java:361)
	at org.openqa.selenium.remote.RemoteWebDriver.findElement(RemoteWebDriver.java:360)
	at io.appium.java_client.DefaultGenericMobileDriver.findElement(DefaultGenericMobileDriver.java:52)
	at io.appium.java_client.AppiumDriver.findElement(AppiumDriver.java:1)
	at io.appium.java_client.android.AndroidDriver.findElement(AndroidDriver.java:1)
	at org.openqa.selenium.support.pagefactory.DefaultElementLocator.findElement(DefaultElementLocator.java:69)
	at org.openqa.selenium.support.pagefactory.internal.LocatingElementHandler.invoke(LocatingElementHandler.java:38)
	at com.sun.proxy.$Proxy10.click(Unknown Source)
	at com.arbohub.testcases.LoginTest.testLoginScreen(LoginTest.java:66)
	at sun.reflect.NativeMethodAccessorImpl.invoke0(Native Method)
	at sun.reflect.NativeMethodAccessorImpl.invoke(NativeMethodAccessorImpl.java:62)
	at sun.reflect.DelegatingMethodAccessorImpl.invoke(DelegatingMethodAccessorImpl.java:43)
	at java.lang.reflect.Method.invoke(Method.java:483)
	at org.testng.internal.MethodInvocationHelper.invokeMethod(MethodInvocationHelper.java:86)
	at org.testng.internal.Invoker.invokeMethod(Invoker.java:643)
	at org.testng.internal.Invoker.invokeTestMethod(Invoker.java:820)
	at org.testng.internal.Invoker.invokeTestMethods(Invoker.java:1128)
	at org.testng.internal.TestMethodWorker.invokeTestMethods(TestMethodWorker.java:129)
	at org.testng.internal.TestMethodWorker.run(TestMethodWorker.java:112)
	at org.testng.TestRunner.privateRun(TestRunner.java:782)
	at org.testng.TestRunner.run(TestRunner.java:632)
	at org.testng.SuiteRunner.runTest(SuiteRunner.java:366)
	at org.testng.SuiteRunner.runSequentially(SuiteRunner.java:361)
	at org.testng.SuiteRunner.privateRun(SuiteRunner.java:319)
	at org.testng.SuiteRunner.run(SuiteRunner.java:268)
	at org.testng.SuiteRunnerWorker.runSuite(SuiteRunnerWorker.java:52)
	at org.testng.SuiteRunnerWorker.run(SuiteRunnerWorker.java:86)
	at org.testng.TestNG.runSuitesSequentially(TestNG.java:1244)
	at org.testng.TestNG.runSuitesLocally(TestNG.java:1169)
	at org.testng.TestNG.run(TestNG.java:1064)
	at org.testng.remote.RemoteTestNG.run(RemoteTestNG.java:113)
	at org.testng.remote.RemoteTestNG.initAndRun(RemoteTestNG.java:206)
	at org.testng.remote.RemoteTestNG.main(RemoteTestNG.java:177)
]]>
            </full-stacktrace>
          </exception> <!-- org.openqa.selenium.NoSuchElementException -->
          <reporter-output>
            <line>
              <![CDATA[STEP34]]>
            </line>
            <line>
              <![CDATA[STEP35]]>
            </line>
            <line>
              <![CDATA[STEP36]]>
            </line>
            <line>
              <![CDATA[STEP37]]>
            </line>
            <line>
              <![CDATA[STEP38]]>
            </line>
            <line>
              <![CDATA[STEP39]]>
            </line>
            <line>
              <![CDATA[STEP40]]>
            </line>
            <line>
              <![CDATA[STEP41]]>
            </line>
            <line>
              <![CDATA[STEP42]]>
            </line>
          </reporter-output>
        </test-method> <!-- testLoginScreen -->
        <test-method status="FAIL" signature="testLogin(java.lang.String, java.lang.String)[pri:2, instance:com.arbohub.testcases.LoginTest@51efea79]" name="testLogin" duration-ms="59659" started-at="2018-01-19T14:59:40Z" description="To verify all logins" data-provider="getUsers" finished-at="2018-01-19T15:00:40Z">
          <params>
            <param index="0">
              <value>
                <![CDATA[Facebook]]>
              </value>
            </param>
            <param index="1">
              <value>
                <![CDATA[GILBKNPFZLQS899L]]>
              </value>
            </param>
          </params>
          <exception class="org.openqa.selenium.NoSuchElementException">
            <message>
              <![CDATA[An element could not be located on the page using the given search parameters. (WARNING: The server did not provide any stacktrace information)
Command duration or timeout: 30.04 seconds
For documentation on this error, please visit: http://seleniumhq.org/exceptions/no_such_element.html
Build info: version: '3.0.1', revision: '1969d75', time: '2016-10-18 09:49:13 -0700'
System info: host: 'Yashi', ip: '10.10.14.217', os.name: 'Windows 8.1', os.arch: 'amd64', os.version: '6.3', java.version: '1.8.0_20-ea'
Driver info: io.appium.java_client.android.AndroidDriver
Capabilities [{app=F:\ArboHub_Workspace\arbohub\arbohub.apk, appPackage=com.panasonic.arbohub, deviceScreenSize=720x1280, networkConnectionEnabled=true, noReset=false, warnings={}, appWaitPackage=com.panasonic.arbohub, appWaitActivity=com.panasonic.arbohub.SplashActivity, newCommandTimeOut=5, databaseEnabled=false, deviceName=T4SWCABYFM5LTCKZ, platform=LINUX, deviceUDID=T4SWCABYFM5LTCKZ, appActivity=com.panasonic.arbohub.SplashActivity, desired={app=F:\ArboHub_Workspace\arbohub\arbohub.apk, noReset=false, platformVersion=7.0, automationName=Appium, newCommandTimeOut=5, platformName=Android, deviceName=T4SWCABYFM5LTCKZ}, platformVersion=7.0, webStorageEnabled=false, locationContextEnabled=false, automationName=Appium, takesScreenshot=true, javascriptEnabled=true, deviceModel=ELUGA_I2_Activ, platformName=Android, deviceManufacturer=PANASONIC}]
Session ID: cbdd2b9f-020f-4b69-b477-27c5f394f0f3
*** Element info: {Using=id, value=com.android.packageinstaller:id/permission_message}]]>
            </message>
            <full-stacktrace>
              <![CDATA[org.openqa.selenium.NoSuchElementException: An element could not be located on the page using the given search parameters. (WARNING: The server did not provide any stacktrace information)
Command duration or timeout: 30.04 seconds
For documentation on this error, please visit: http://seleniumhq.org/exceptions/no_such_element.html
Build info: version: '3.0.1', revision: '1969d75', time: '2016-10-18 09:49:13 -0700'
System info: host: 'Yashi', ip: '10.10.14.217', os.name: 'Windows 8.1', os.arch: 'amd64', os.version: '6.3', java.version: '1.8.0_20-ea'
Driver info: io.appium.java_client.android.AndroidDriver
Capabilities [{app=F:\ArboHub_Workspace\arbohub\arbohub.apk, appPackage=com.panasonic.arbohub, deviceScreenSize=720x1280, networkConnectionEnabled=true, noReset=false, warnings={}, appWaitPackage=com.panasonic.arbohub, appWaitActivity=com.panasonic.arbohub.SplashActivity, newCommandTimeOut=5, databaseEnabled=false, deviceName=T4SWCABYFM5LTCKZ, platform=LINUX, deviceUDID=T4SWCABYFM5LTCKZ, appActivity=com.panasonic.arbohub.SplashActivity, desired={app=F:\ArboHub_Workspace\arbohub\arbohub.apk, noReset=false, platformVersion=7.0, automationName=Appium, newCommandTimeOut=5, platformName=Android, deviceName=T4SWCABYFM5LTCKZ}, platformVersion=7.0, webStorageEnabled=false, locationContextEnabled=false, automationName=Appium, takesScreenshot=true, javascriptEnabled=true, deviceModel=ELUGA_I2_Activ, platformName=Android, deviceManufacturer=PANASONIC}]
Session ID: cbdd2b9f-020f-4b69-b477-27c5f394f0f3
*** Element info: {Using=id, value=com.android.packageinstaller:id/permission_message}
	at sun.reflect.NativeConstructorAccessorImpl.newInstance0(Native Method)
	at sun.reflect.NativeConstructorAccessorImpl.newInstance(NativeConstructorAccessorImpl.java:62)
	at sun.reflect.DelegatingConstructorAccessorImpl.newInstance(DelegatingConstructorAccessorImpl.java:45)
	at java.lang.reflect.Constructor.newInstance(Constructor.java:408)
	at org.openqa.selenium.remote.ErrorHandler.createThrowable(ErrorHandler.java:216)
	at org.openqa.selenium.remote.ErrorHandler.throwIfResponseFailed(ErrorHandler.java:168)
	at org.openqa.selenium.remote.RemoteWebDriver.execute(RemoteWebDriver.java:635)
	at io.appium.java_client.DefaultGenericMobileDriver.execute(DefaultGenericMobileDriver.java:40)
	at io.appium.java_client.AppiumDriver.execute(AppiumDriver.java:1)
	at io.appium.java_client.android.AndroidDriver.execute(AndroidDriver.java:1)
	at org.openqa.selenium.remote.RemoteWebDriver.findElement(RemoteWebDriver.java:368)
	at io.appium.java_client.DefaultGenericMobileDriver.findElement(DefaultGenericMobileDriver.java:56)
	at io.appium.java_client.AppiumDriver.findElement(AppiumDriver.java:1)
	at io.appium.java_client.android.AndroidDriver.findElement(AndroidDriver.java:1)
	at org.openqa.selenium.remote.RemoteWebDriver.findElementById(RemoteWebDriver.java:417)
	at io.appium.java_client.DefaultGenericMobileDriver.findElementById(DefaultGenericMobileDriver.java:64)
	at io.appium.java_client.AppiumDriver.findElementById(AppiumDriver.java:1)
	at io.appium.java_client.android.AndroidDriver.findElementById(AndroidDriver.java:1)
	at org.openqa.selenium.By$ById.findElement(By.java:218)
	at org.openqa.selenium.remote.RemoteWebDriver.findElement(RemoteWebDriver.java:360)
	at io.appium.java_client.DefaultGenericMobileDriver.findElement(DefaultGenericMobileDriver.java:52)
	at io.appium.java_client.AppiumDriver.findElement(AppiumDriver.java:1)
	at io.appium.java_client.android.AndroidDriver.findElement(AndroidDriver.java:1)
	at org.openqa.selenium.support.pagefactory.DefaultElementLocator.findElement(DefaultElementLocator.java:69)
	at org.openqa.selenium.support.pagefactory.internal.LocatingElementHandler.invoke(LocatingElementHandler.java:38)
	at com.sun.proxy.$Proxy10.getText(Unknown Source)
	at com.arbohub.testcases.LoginTest.testLogin(LoginTest.java:121)
	at sun.reflect.NativeMethodAccessorImpl.invoke0(Native Method)
	at sun.reflect.NativeMethodAccessorImpl.invoke(NativeMethodAccessorImpl.java:62)
	at sun.reflect.DelegatingMethodAccessorImpl.invoke(DelegatingMethodAccessorImpl.java:43)
	at java.lang.reflect.Method.invoke(Method.java:483)
	at org.testng.internal.MethodInvocationHelper.invokeMethod(MethodInvocationHelper.java:86)
	at org.testng.internal.Invoker.invokeMethod(Invoker.java:643)
	at org.testng.internal.Invoker.invokeTestMethod(Invoker.java:820)
	at org.testng.internal.Invoker.invokeTestMethods(Invoker.java:1128)
	at org.testng.internal.TestMethodWorker.invokeTestMethods(TestMethodWorker.java:129)
	at org.testng.internal.TestMethodWorker.run(TestMethodWorker.java:112)
	at org.testng.TestRunner.privateRun(TestRunner.java:782)
	at org.testng.TestRunner.run(TestRunner.java:632)
	at org.testng.SuiteRunner.runTest(SuiteRunner.java:366)
	at org.testng.SuiteRunner.runSequentially(SuiteRunner.java:361)
	at org.testng.SuiteRunner.privateRun(SuiteRunner.java:319)
	at org.testng.SuiteRunner.run(SuiteRunner.java:268)
	at org.testng.SuiteRunnerWorker.runSuite(SuiteRunnerWorker.java:52)
	at org.testng.SuiteRunnerWorker.run(SuiteRunnerWorker.java:86)
	at org.testng.TestNG.runSuitesSequentially(TestNG.java:1244)
	at org.testng.TestNG.runSuitesLocally(TestNG.java:1169)
	at org.testng.TestNG.run(TestNG.java:1064)
	at org.testng.remote.RemoteTestNG.run(RemoteTestNG.java:113)
	at org.testng.remote.RemoteTestNG.initAndRun(RemoteTestNG.java:206)
	at org.testng.remote.RemoteTestNG.main(RemoteTestNG.java:177)
]]>
            </full-stacktrace>
          </exception> <!-- org.openqa.selenium.NoSuchElementException -->
          <reporter-output>
            <line>
              <![CDATA[STEP43]]>
            </line>
          </reporter-output>
        </test-method> <!-- testLogin -->
        <test-method status="FAIL" signature="testLogin(java.lang.String, java.lang.String)[pri:2, instance:com.arbohub.testcases.LoginTest@51efea79]" name="testLogin" duration-ms="55544" started-at="2018-01-19T15:00:44Z" description="To verify all logins" data-provider="getUsers" finished-at="2018-01-19T15:01:39Z">
          <params>
            <param index="0">
              <value>
                <![CDATA[Phone]]>
              </value>
            </param>
            <param index="1">
              <value>
                <![CDATA[GILBKNPFZLQS899L]]>
              </value>
            </param>
          </params>
          <exception class="org.openqa.selenium.NoSuchElementException">
            <message>
              <![CDATA[An element could not be located on the page using the given search parameters. (WARNING: The server did not provide any stacktrace information)
Command duration or timeout: 30.49 seconds
For documentation on this error, please visit: http://seleniumhq.org/exceptions/no_such_element.html
Build info: version: '3.0.1', revision: '1969d75', time: '2016-10-18 09:49:13 -0700'
System info: host: 'Yashi', ip: '10.10.14.217', os.name: 'Windows 8.1', os.arch: 'amd64', os.version: '6.3', java.version: '1.8.0_20-ea'
Driver info: io.appium.java_client.android.AndroidDriver
Capabilities [{app=F:\ArboHub_Workspace\arbohub\arbohub.apk, appPackage=com.panasonic.arbohub, deviceScreenSize=720x1280, networkConnectionEnabled=true, noReset=false, warnings={}, appWaitPackage=com.panasonic.arbohub, appWaitActivity=com.panasonic.arbohub.SplashActivity, newCommandTimeOut=5, databaseEnabled=false, deviceName=T4SWCABYFM5LTCKZ, platform=LINUX, deviceUDID=T4SWCABYFM5LTCKZ, appActivity=com.panasonic.arbohub.SplashActivity, desired={app=F:\ArboHub_Workspace\arbohub\arbohub.apk, noReset=false, platformVersion=7.0, automationName=Appium, newCommandTimeOut=5, platformName=Android, deviceName=T4SWCABYFM5LTCKZ}, platformVersion=7.0, webStorageEnabled=false, locationContextEnabled=false, automationName=Appium, takesScreenshot=true, javascriptEnabled=true, deviceModel=ELUGA_I2_Activ, platformName=Android, deviceManufacturer=PANASONIC}]
Session ID: cbdd2b9f-020f-4b69-b477-27c5f394f0f3
*** Element info: {Using=id, value=com.panasonic.arbohub:id/user_name}]]>
            </message>
            <full-stacktrace>
              <![CDATA[org.openqa.selenium.NoSuchElementException: An element could not be located on the page using the given search parameters. (WARNING: The server did not provide any stacktrace information)
Command duration or timeout: 30.49 seconds
For documentation on this error, please visit: http://seleniumhq.org/exceptions/no_such_element.html
Build info: version: '3.0.1', revision: '1969d75', time: '2016-10-18 09:49:13 -0700'
System info: host: 'Yashi', ip: '10.10.14.217', os.name: 'Windows 8.1', os.arch: 'amd64', os.version: '6.3', java.version: '1.8.0_20-ea'
Driver info: io.appium.java_client.android.AndroidDriver
Capabilities [{app=F:\ArboHub_Workspace\arbohub\arbohub.apk, appPackage=com.panasonic.arbohub, deviceScreenSize=720x1280, networkConnectionEnabled=true, noReset=false, warnings={}, appWaitPackage=com.panasonic.arbohub, appWaitActivity=com.panasonic.arbohub.SplashActivity, newCommandTimeOut=5, databaseEnabled=false, deviceName=T4SWCABYFM5LTCKZ, platform=LINUX, deviceUDID=T4SWCABYFM5LTCKZ, appActivity=com.panasonic.arbohub.SplashActivity, desired={app=F:\ArboHub_Workspace\arbohub\arbohub.apk, noReset=false, platformVersion=7.0, automationName=Appium, newCommandTimeOut=5, platformName=Android, deviceName=T4SWCABYFM5LTCKZ}, platformVersion=7.0, webStorageEnabled=false, locationContextEnabled=false, automationName=Appium, takesScreenshot=true, javascriptEnabled=true, deviceModel=ELUGA_I2_Activ, platformName=Android, deviceManufacturer=PANASONIC}]
Session ID: cbdd2b9f-020f-4b69-b477-27c5f394f0f3
*** Element info: {Using=id, value=com.panasonic.arbohub:id/user_name}
	at sun.reflect.NativeConstructorAccessorImpl.newInstance0(Native Method)
	at sun.reflect.NativeConstructorAccessorImpl.newInstance(NativeConstructorAccessorImpl.java:62)
	at sun.reflect.DelegatingConstructorAccessorImpl.newInstance(DelegatingConstructorAccessorImpl.java:45)
	at java.lang.reflect.Constructor.newInstance(Constructor.java:408)
	at org.openqa.selenium.remote.ErrorHandler.createThrowable(ErrorHandler.java:216)
	at org.openqa.selenium.remote.ErrorHandler.throwIfResponseFailed(ErrorHandler.java:168)
	at org.openqa.selenium.remote.RemoteWebDriver.execute(RemoteWebDriver.java:635)
	at io.appium.java_client.DefaultGenericMobileDriver.execute(DefaultGenericMobileDriver.java:40)
	at io.appium.java_client.AppiumDriver.execute(AppiumDriver.java:1)
	at io.appium.java_client.android.AndroidDriver.execute(AndroidDriver.java:1)
	at org.openqa.selenium.remote.RemoteWebDriver.findElement(RemoteWebDriver.java:368)
	at io.appium.java_client.DefaultGenericMobileDriver.findElement(DefaultGenericMobileDriver.java:56)
	at io.appium.java_client.AppiumDriver.findElement(AppiumDriver.java:1)
	at io.appium.java_client.android.AndroidDriver.findElement(AndroidDriver.java:1)
	at org.openqa.selenium.remote.RemoteWebDriver.findElementById(RemoteWebDriver.java:417)
	at io.appium.java_client.DefaultGenericMobileDriver.findElementById(DefaultGenericMobileDriver.java:64)
	at io.appium.java_client.AppiumDriver.findElementById(AppiumDriver.java:1)
	at io.appium.java_client.android.AndroidDriver.findElementById(AndroidDriver.java:1)
	at org.openqa.selenium.By$ById.findElement(By.java:218)
	at org.openqa.selenium.remote.RemoteWebDriver.findElement(RemoteWebDriver.java:360)
	at io.appium.java_client.DefaultGenericMobileDriver.findElement(DefaultGenericMobileDriver.java:52)
	at io.appium.java_client.AppiumDriver.findElement(AppiumDriver.java:1)
	at io.appium.java_client.android.AndroidDriver.findElement(AndroidDriver.java:1)
	at org.openqa.selenium.support.pagefactory.DefaultElementLocator.findElement(DefaultElementLocator.java:69)
	at org.openqa.selenium.support.pagefactory.internal.LocatingElementHandler.invoke(LocatingElementHandler.java:38)
	at com.sun.proxy.$Proxy10.getText(Unknown Source)
	at com.arbohub.testcases.LoginTest.testLogin(LoginTest.java:173)
	at sun.reflect.NativeMethodAccessorImpl.invoke0(Native Method)
	at sun.reflect.NativeMethodAccessorImpl.invoke(NativeMethodAccessorImpl.java:62)
	at sun.reflect.DelegatingMethodAccessorImpl.invoke(DelegatingMethodAccessorImpl.java:43)
	at java.lang.reflect.Method.invoke(Method.java:483)
	at org.testng.internal.MethodInvocationHelper.invokeMethod(MethodInvocationHelper.java:86)
	at org.testng.internal.Invoker.invokeMethod(Invoker.java:643)
	at org.testng.internal.Invoker.invokeTestMethod(Invoker.java:820)
	at org.testng.internal.Invoker.invokeTestMethods(Invoker.java:1128)
	at org.testng.internal.TestMethodWorker.invokeTestMethods(TestMethodWorker.java:129)
	at org.testng.internal.TestMethodWorker.run(TestMethodWorker.java:112)
	at org.testng.TestRunner.privateRun(TestRunner.java:782)
	at org.testng.TestRunner.run(TestRunner.java:632)
	at org.testng.SuiteRunner.runTest(SuiteRunner.java:366)
	at org.testng.SuiteRunner.runSequentially(SuiteRunner.java:361)
	at org.testng.SuiteRunner.privateRun(SuiteRunner.java:319)
	at org.testng.SuiteRunner.run(SuiteRunner.java:268)
	at org.testng.SuiteRunnerWorker.runSuite(SuiteRunnerWorker.java:52)
	at org.testng.SuiteRunnerWorker.run(SuiteRunnerWorker.java:86)
	at org.testng.TestNG.runSuitesSequentially(TestNG.java:1244)
	at org.testng.TestNG.runSuitesLocally(TestNG.java:1169)
	at org.testng.TestNG.run(TestNG.java:1064)
	at org.testng.remote.RemoteTestNG.run(RemoteTestNG.java:113)
	at org.testng.remote.RemoteTestNG.initAndRun(RemoteTestNG.java:206)
	at org.testng.remote.RemoteTestNG.main(RemoteTestNG.java:177)
]]>
            </full-stacktrace>
          </exception> <!-- org.openqa.selenium.NoSuchElementException -->
          <reporter-output>
            <line>
              <![CDATA[STEP44]]>
            </line>
            <line>
              <![CDATA[STEP45]]>
            </line>
            <line>
              <![CDATA[STEP46]]>
            </line>
            <line>
              <![CDATA[STEP47]]>
            </line>
            <line>
              <![CDATA[STEP48]]>
            </line>
          </reporter-output>
        </test-method> <!-- testLogin -->
        <test-method status="PASS" signature="testLogin(java.lang.String, java.lang.String)[pri:2, instance:com.arbohub.testcases.LoginTest@51efea79]" name="testLogin" duration-ms="38456" started-at="2018-01-19T15:01:43Z" description="To verify all logins" data-provider="getUsers" finished-at="2018-01-19T15:02:22Z">
          <params>
            <param index="0">
              <value>
                <![CDATA[Google]]>
              </value>
            </param>
            <param index="1">
              <value>
                <![CDATA[GILBKNPFZLQS899L]]>
              </value>
            </param>
          </params>
          <reporter-output>
            <line>
              <![CDATA[STEP49]]>
            </line>
            <line>
              <![CDATA[STEP50]]>
            </line>
            <line>
              <![CDATA[STEP51]]>
            </line>
            <line>
              <![CDATA[STEP52]]>
            </line>
            <line>
              <![CDATA[STEP53]]>
            </line>
          </reporter-output>
        </test-method> <!-- testLogin -->
        <test-method status="FAIL" signature="testLogin(java.lang.String, java.lang.String)[pri:2, instance:com.arbohub.testcases.LoginTest@51efea79]" name="testLogin" duration-ms="30398" started-at="2018-01-19T15:02:22Z" description="To verify all logins" data-provider="getUsers" finished-at="2018-01-19T15:02:52Z">
          <params>
            <param index="0">
              <value>
                <![CDATA[Guest]]>
              </value>
            </param>
            <param index="1">
              <value>
                <![CDATA[GILBKNPFZLQS899L]]>
              </value>
            </param>
          </params>
          <exception class="org.openqa.selenium.NoSuchElementException">
            <message>
              <![CDATA[An element could not be located on the page using the given search parameters. (WARNING: The server did not provide any stacktrace information)
Command duration or timeout: 30.31 seconds
For documentation on this error, please visit: http://seleniumhq.org/exceptions/no_such_element.html
Build info: version: '3.0.1', revision: '1969d75', time: '2016-10-18 09:49:13 -0700'
System info: host: 'Yashi', ip: '10.10.14.217', os.name: 'Windows 8.1', os.arch: 'amd64', os.version: '6.3', java.version: '1.8.0_20-ea'
Driver info: io.appium.java_client.android.AndroidDriver
Capabilities [{app=F:\ArboHub_Workspace\arbohub\arbohub.apk, appPackage=com.panasonic.arbohub, deviceScreenSize=720x1280, networkConnectionEnabled=true, noReset=false, warnings={}, appWaitPackage=com.panasonic.arbohub, appWaitActivity=com.panasonic.arbohub.SplashActivity, newCommandTimeOut=5, databaseEnabled=false, deviceName=T4SWCABYFM5LTCKZ, platform=LINUX, deviceUDID=T4SWCABYFM5LTCKZ, appActivity=com.panasonic.arbohub.SplashActivity, desired={app=F:\ArboHub_Workspace\arbohub\arbohub.apk, noReset=false, platformVersion=7.0, automationName=Appium, newCommandTimeOut=5, platformName=Android, deviceName=T4SWCABYFM5LTCKZ}, platformVersion=7.0, webStorageEnabled=false, locationContextEnabled=false, automationName=Appium, takesScreenshot=true, javascriptEnabled=true, deviceModel=ELUGA_I2_Activ, platformName=Android, deviceManufacturer=PANASONIC}]
Session ID: cbdd2b9f-020f-4b69-b477-27c5f394f0f3
*** Element info: {Using=id, value=com.panasonic.arbohub:id/tv_okay}]]>
            </message>
            <full-stacktrace>
              <![CDATA[org.openqa.selenium.NoSuchElementException: An element could not be located on the page using the given search parameters. (WARNING: The server did not provide any stacktrace information)
Command duration or timeout: 30.31 seconds
For documentation on this error, please visit: http://seleniumhq.org/exceptions/no_such_element.html
Build info: version: '3.0.1', revision: '1969d75', time: '2016-10-18 09:49:13 -0700'
System info: host: 'Yashi', ip: '10.10.14.217', os.name: 'Windows 8.1', os.arch: 'amd64', os.version: '6.3', java.version: '1.8.0_20-ea'
Driver info: io.appium.java_client.android.AndroidDriver
Capabilities [{app=F:\ArboHub_Workspace\arbohub\arbohub.apk, appPackage=com.panasonic.arbohub, deviceScreenSize=720x1280, networkConnectionEnabled=true, noReset=false, warnings={}, appWaitPackage=com.panasonic.arbohub, appWaitActivity=com.panasonic.arbohub.SplashActivity, newCommandTimeOut=5, databaseEnabled=false, deviceName=T4SWCABYFM5LTCKZ, platform=LINUX, deviceUDID=T4SWCABYFM5LTCKZ, appActivity=com.panasonic.arbohub.SplashActivity, desired={app=F:\ArboHub_Workspace\arbohub\arbohub.apk, noReset=false, platformVersion=7.0, automationName=Appium, newCommandTimeOut=5, platformName=Android, deviceName=T4SWCABYFM5LTCKZ}, platformVersion=7.0, webStorageEnabled=false, locationContextEnabled=false, automationName=Appium, takesScreenshot=true, javascriptEnabled=true, deviceModel=ELUGA_I2_Activ, platformName=Android, deviceManufacturer=PANASONIC}]
Session ID: cbdd2b9f-020f-4b69-b477-27c5f394f0f3
*** Element info: {Using=id, value=com.panasonic.arbohub:id/tv_okay}
	at sun.reflect.NativeConstructorAccessorImpl.newInstance0(Native Method)
	at sun.reflect.NativeConstructorAccessorImpl.newInstance(NativeConstructorAccessorImpl.java:62)
	at sun.reflect.DelegatingConstructorAccessorImpl.newInstance(DelegatingConstructorAccessorImpl.java:45)
	at java.lang.reflect.Constructor.newInstance(Constructor.java:408)
	at org.openqa.selenium.remote.ErrorHandler.createThrowable(ErrorHandler.java:216)
	at org.openqa.selenium.remote.ErrorHandler.throwIfResponseFailed(ErrorHandler.java:168)
	at org.openqa.selenium.remote.RemoteWebDriver.execute(RemoteWebDriver.java:635)
	at io.appium.java_client.DefaultGenericMobileDriver.execute(DefaultGenericMobileDriver.java:40)
	at io.appium.java_client.AppiumDriver.execute(AppiumDriver.java:1)
	at io.appium.java_client.android.AndroidDriver.execute(AndroidDriver.java:1)
	at org.openqa.selenium.remote.RemoteWebDriver.findElement(RemoteWebDriver.java:368)
	at io.appium.java_client.DefaultGenericMobileDriver.findElement(DefaultGenericMobileDriver.java:56)
	at io.appium.java_client.AppiumDriver.findElement(AppiumDriver.java:1)
	at io.appium.java_client.android.AndroidDriver.findElement(AndroidDriver.java:1)
	at org.openqa.selenium.remote.RemoteWebDriver.findElementById(RemoteWebDriver.java:417)
	at io.appium.java_client.DefaultGenericMobileDriver.findElementById(DefaultGenericMobileDriver.java:64)
	at io.appium.java_client.AppiumDriver.findElementById(AppiumDriver.java:1)
	at io.appium.java_client.android.AndroidDriver.findElementById(AndroidDriver.java:1)
	at org.openqa.selenium.By$ById.findElement(By.java:218)
	at org.openqa.selenium.remote.RemoteWebDriver.findElement(RemoteWebDriver.java:360)
	at io.appium.java_client.DefaultGenericMobileDriver.findElement(DefaultGenericMobileDriver.java:52)
	at io.appium.java_client.AppiumDriver.findElement(AppiumDriver.java:1)
	at io.appium.java_client.android.AndroidDriver.findElement(AndroidDriver.java:1)
	at org.openqa.selenium.support.pagefactory.DefaultElementLocator.findElement(DefaultElementLocator.java:69)
	at org.openqa.selenium.support.pagefactory.internal.LocatingElementHandler.invoke(LocatingElementHandler.java:38)
	at com.sun.proxy.$Proxy10.click(Unknown Source)
	at com.arbohub.pages.PermissionsPage.toHandlePermissionPopups(PermissionsPage.java:158)
	at com.arbohub.testcases.LoginTest.testLogin(LoginTest.java:93)
	at sun.reflect.NativeMethodAccessorImpl.invoke0(Native Method)
	at sun.reflect.NativeMethodAccessorImpl.invoke(NativeMethodAccessorImpl.java:62)
	at sun.reflect.DelegatingMethodAccessorImpl.invoke(DelegatingMethodAccessorImpl.java:43)
	at java.lang.reflect.Method.invoke(Method.java:483)
	at org.testng.internal.MethodInvocationHelper.invokeMethod(MethodInvocationHelper.java:86)
	at org.testng.internal.Invoker.invokeMethod(Invoker.java:643)
	at org.testng.internal.Invoker.invokeTestMethod(Invoker.java:820)
	at org.testng.internal.Invoker.invokeTestMethods(Invoker.java:1128)
	at org.testng.internal.TestMethodWorker.invokeTestMethods(TestMethodWorker.java:129)
	at org.testng.internal.TestMethodWorker.run(TestMethodWorker.java:112)
	at org.testng.TestRunner.privateRun(TestRunner.java:782)
	at org.testng.TestRunner.run(TestRunner.java:632)
	at org.testng.SuiteRunner.runTest(SuiteRunner.java:366)
	at org.testng.SuiteRunner.runSequentially(SuiteRunner.java:361)
	at org.testng.SuiteRunner.privateRun(SuiteRunner.java:319)
	at org.testng.SuiteRunner.run(SuiteRunner.java:268)
	at org.testng.SuiteRunnerWorker.runSuite(SuiteRunnerWorker.java:52)
	at org.testng.SuiteRunnerWorker.run(SuiteRunnerWorker.java:86)
	at org.testng.TestNG.runSuitesSequentially(TestNG.java:1244)
	at org.testng.TestNG.runSuitesLocally(TestNG.java:1169)
	at org.testng.TestNG.run(TestNG.java:1064)
	at org.testng.remote.RemoteTestNG.run(RemoteTestNG.java:113)
	at org.testng.remote.RemoteTestNG.initAndRun(RemoteTestNG.java:206)
	at org.testng.remote.RemoteTestNG.main(RemoteTestNG.java:177)
]]>
            </full-stacktrace>
          </exception> <!-- org.openqa.selenium.NoSuchElementException -->
          <reporter-output>
            <line>
              <![CDATA[STEP54]]>
            </line>
          </reporter-output>
        </test-method> <!-- testLogin -->
      </class> <!-- com.arbohub.testcases.LoginTest -->
      <class name="com.arbohub.testcases.WelcomeOnboardingTest">
        <test-method status="PASS" signature="inititialize()[pri:0, instance:com.arbohub.testcases.WelcomeOnboardingTest@6d00a15d]" name="inititialize" is-config="true" duration-ms="9" started-at="2018-01-19T14:57:47Z" finished-at="2018-01-19T14:57:47Z">
          <reporter-output>
          </reporter-output>
        </test-method> <!-- inititialize -->
        <test-method status="PASS" signature="testWelcomeScreen(java.lang.String)[pri:1, instance:com.arbohub.testcases.WelcomeOnboardingTest@6d00a15d]" name="testWelcomeScreen" duration-ms="603" started-at="2018-01-19T14:57:47Z" description="To verify Welcome screen senarios" finished-at="2018-01-19T14:57:48Z">
          <params>
            <param index="0">
              <value>
                <![CDATA[GILBKNPFZLQS899L]]>
              </value>
            </param>
          </params>
          <reporter-output>
            <line>
              <![CDATA[STEP20]]>
            </line>
            <line>
              <![CDATA[STEP21]]>
            </line>
            <line>
              <![CDATA[STEP22]]>
            </line>
          </reporter-output>
        </test-method> <!-- testWelcomeScreen -->
        <test-method status="PASS" signature="testOnboardingScreen(java.lang.String)[pri:2, instance:com.arbohub.testcases.WelcomeOnboardingTest@6d00a15d]" name="testOnboardingScreen" duration-ms="18103" started-at="2018-01-19T14:57:48Z" description="To verify Onboarding screen senarios" finished-at="2018-01-19T14:58:06Z">
          <params>
            <param index="0">
              <value>
                <![CDATA[GILBKNPFZLQS899L]]>
              </value>
            </param>
          </params>
          <reporter-output>
            <line>
              <![CDATA[STEP23]]>
            </line>
            <line>
              <![CDATA[STEP24]]>
            </line>
            <line>
              <![CDATA[STEP25]]>
            </line>
            <line>
              <![CDATA[STEP26]]>
            </line>
            <line>
              <![CDATA[STEP27]]>
            </line>
            <line>
              <![CDATA[STEP28]]>
            </line>
            <line>
              <![CDATA[STEP29]]>
            </line>
            <line>
              <![CDATA[STEP30]]>
            </line>
            <line>
              <![CDATA[STEP31]]>
            </line>
            <line>
              <![CDATA[STEP32]]>
            </line>
            <line>
              <![CDATA[STEP33]]>
            </line>
          </reporter-output>
        </test-method> <!-- testOnboardingScreen -->
      </class> <!-- com.arbohub.testcases.WelcomeOnboardingTest -->
    </test> <!-- Regression -->
  </suite> <!-- Suite -->
</testng-results>
